---------------------------------------------------------------
[ 2019-04-02T17:34:17+08:00 ] 0.0.0.0 GET localhost/tp5-api/public/
[运行时间：0.315688s] [吞吐率：3.17req/s] [内存消耗：2,416.40kb] [文件加载：53]
[ info ] [ LANG ] /opt/lampp/htdocs/tp5-api/thinkphp/lang/zh-cn.php
[ info ] [ ROUTE ] array (
  'type' => 'module',
  'module' => 
  array (
    0 => '',
    1 => NULL,
    2 => NULL,
  ),
)
[ info ] [ HEADER ] array (
  'host' => 'localhost',
  'connection' => 'keep-alive',
  'upgrade-insecure-requests' => '1',
  'user-agent' => 'Mozilla/5.0 (X11; Linux x86_64) AppleWebKit/537.36 (KHTML, like Gecko) Ubuntu Chromium/73.0.3683.75 Chrome/73.0.3683.75 Safari/537.36',
  'accept' => 'text/html,application/xhtml+xml,application/xml;q=0.9,image/webp,image/apng,*/*;q=0.8',
  'referer' => 'http://localhost/tp5-api/',
  'accept-encoding' => 'gzip, deflate, br',
  'accept-language' => 'zh-CN,zh;q=0.9',
  'cookie' => 'PHPSESSID=m264svlbedakfjd8l27nl9a9f3; language=zh; pgv_pvi=8455636992; pgv_si=s2155797504; sidebarStatus=0; vue_admin_template_token=admin-token; Admin-Token=F412FE53242E97340AD09C2A791326EFMDAwMDAwMDAwML6Mna-FqrqSib2cgMOHoIC7o36CkY6xfLjQzqGGZIXVuGadr4u5um-LunZ_w4efabGmjmWDo3-gu5SsqIhkp6vHZJ3Ynau-moXTqGG4nZSnyX-ohIONk4a7qbuwiJ2Jq7KJZpqJt7aHheBxpbhjdqKyp5FhkqSxfLS70pGMrJ_PyGec25G40IyJ4JuovId1q7KOcYJ9pK2mubmsi5mcjdSwiHutirShdg',
)
[ info ] [ PARAM ] array (
)
[ info ] [ RUN ] app\index\controller\Index->index[ /opt/lampp/htdocs/tp5-api/application/index/controller/Index.php ]
[ info ] [ LOG ] INIT File
